<?xml version="1.0" encoding="UTF-8"?>
<testng-results skipped="0" failed="0" total="1" passed="1">
  <reporter-output>
  </reporter-output>
  <suite name="Default suite" duration-ms="5809" started-at="2022-09-02T05:16:48Z" finished-at="2022-09-02T05:16:53Z">
    <groups>
    </groups>
    <test name="Default test" duration-ms="5809" started-at="2022-09-02T05:16:48Z" finished-at="2022-09-02T05:16:53Z">
      <class name="com.google.stepdefinations.GoogleMapApi">
        <test-method status="PASS" signature="addMap()[pri:0, instance:com.google.stepdefinations.GoogleMapApi@396a51ab]" name="addMap" duration-ms="5771" started-at="2022-09-02T10:46:48Z" finished-at="2022-09-02T10:46:53Z">
          <reporter-output>
          </reporter-output>
        </test-method> <!-- addMap -->
      </class> <!-- com.google.stepdefinations.GoogleMapApi -->
    </test> <!-- Default test -->
  </suite> <!-- Default suite -->
</testng-results>
